<?xml version="1.0" encoding="UTF-8"?>
<!-- Generated by org.testng.reporters.JUnitXMLReporter -->
<testsuite ignored="0" hostname="DESKTOP-TEPTGH9" failures="0" tests="3" name="alltest" time="54.569" errors="0" timestamp="2022-09-09T23:23:27 IST">
  <testcase classname="RunnerClass.AvilableBalanceTest" name="AvilableBalanace" time="10.145"/>
  <testcase classname="RunnerClass.Litconfunctionality" name="AvilableBalanace" time="10.095"/>
  <testcase classname="RunnerClass.Litconfunctionality" name="LitcoinBalanceCheck" time="5.26"/>
</testsuite> <!-- alltest -->
